#! /home1/c/cis571/tools/bin/vvp
:ivl_version "11.0 (stable)" "(v11_0)";
:ivl_delay_selection "TYPICAL";
:vpi_time_precision - 12;
:vpi_module "/home1/c/cis571/tools/lib64/ivl/system.vpi";
:vpi_module "/home1/c/cis571/tools/lib64/ivl/vhdl_sys.vpi";
:vpi_module "/home1/c/cis571/tools/lib64/ivl/vhdl_textio.vpi";
:vpi_module "/home1/c/cis571/tools/lib64/ivl/v2005_math.vpi";
:vpi_module "/home1/c/cis571/tools/lib64/ivl/va_math.vpi";
S_0x10567d0 .scope module, "test_adders" "test_adders" 2 14;
 .timescale -9 -12;
L_0x7f93b635e060 .functor BUFT 1, C4<0>, C4<0>, C4<0>, C4<0>;
v0x108c020_0 .net *"_ivl_10", 0 0, L_0x7f93b635e060;  1 drivers
v0x108c100_0 .net *"_ivl_11", 1 0, L_0x108ec60;  1 drivers
v0x108c1e0_0 .net *"_ivl_13", 1 0, L_0x108ee10;  1 drivers
L_0x7f93b635e0a8 .functor BUFT 1, C4<0>, C4<0>, C4<0>, C4<0>;
v0x108c2d0_0 .net *"_ivl_16", 0 0, L_0x7f93b635e0a8;  1 drivers
v0x108c3b0_0 .net *"_ivl_17", 1 0, L_0x108ef40;  1 drivers
v0x108c4e0_0 .net *"_ivl_22", 2 0, L_0x108fed0;  1 drivers
L_0x7f93b635e0f0 .functor BUFT 1, C4<0>, C4<0>, C4<0>, C4<0>;
v0x108c5c0_0 .net *"_ivl_25", 0 0, L_0x7f93b635e0f0;  1 drivers
v0x108c6a0_0 .net *"_ivl_26", 2 0, L_0x1090060;  1 drivers
L_0x7f93b635e138 .functor BUFT 1, C4<0>, C4<0>, C4<0>, C4<0>;
v0x108c780_0 .net *"_ivl_29", 0 0, L_0x7f93b635e138;  1 drivers
v0x108c8f0_0 .net *"_ivl_3", 1 0, L_0x108ea50;  1 drivers
v0x108c9d0_0 .net *"_ivl_30", 2 0, L_0x1090190;  1 drivers
v0x108cab0_0 .net *"_ivl_32", 2 0, L_0x10903b0;  1 drivers
L_0x7f93b635e180 .functor BUFT 1, C4<00>, C4<0>, C4<0>, C4<0>;
v0x108cb90_0 .net *"_ivl_35", 1 0, L_0x7f93b635e180;  1 drivers
v0x108cc70_0 .net *"_ivl_36", 2 0, L_0x10904a0;  1 drivers
v0x108cd50_0 .net *"_ivl_42", 3 0, L_0x1092a10;  1 drivers
L_0x7f93b635e018 .functor BUFT 1, C4<0>, C4<0>, C4<0>, C4<0>;
v0x108ce30_0 .net *"_ivl_6", 0 0, L_0x7f93b635e018;  1 drivers
v0x108cf10_0 .net *"_ivl_7", 1 0, L_0x108eb40;  1 drivers
v0x108cff0_0 .var "a", 0 0;
v0x108d090_0 .var "a2", 1 0;
v0x108d150_0 .var "a4", 3 0;
v0x108d210_0 .net "actual_fa2_cout", 0 0, L_0x108f990;  1 drivers
v0x108d2b0_0 .net "actual_fa2_sum", 1 0, L_0x108fca0;  1 drivers
v0x108d370_0 .net "actual_fa_cout", 0 0, L_0x108e7c0;  1 drivers
v0x108d440_0 .net "actual_fa_sum", 0 0, L_0x108e5f0;  1 drivers
v0x108d530_0 .net "actual_ha_cout", 0 0, L_0x108e420;  1 drivers
v0x108d5d0_0 .net "actual_ha_sum", 0 0, L_0x108e290;  1 drivers
v0x108d6a0_0 .net "actual_rca4_sum", 7 0, L_0x10926b0;  1 drivers
v0x108d770_0 .var "b", 0 0;
v0x108d810_0 .var "b2", 1 0;
v0x108d8e0_0 .var "b4", 3 0;
v0x108d980_0 .var "cin", 0 0;
v0x108da20_0 .var/i "errors", 31 0;
v0x108dac0_0 .net "exp_fa2_cout", 0 0, L_0x108fd40;  1 drivers
v0x108dd90_0 .net "exp_fa2_sum", 1 0, L_0x108fe30;  1 drivers
v0x108de70_0 .net "exp_fa_cout", 0 0, L_0x108e8c0;  1 drivers
v0x108df30_0 .net "exp_fa_sum", 0 0, L_0x108e960;  1 drivers
v0x108dff0_0 .net "exp_rca4_sum", 3 0, L_0x10928e0;  1 drivers
v0x108e0d0_0 .var/i "i", 31 0;
v0x108e1b0_0 .var/i "tests", 31 0;
L_0x108e8c0 .part L_0x108ef40, 1, 1;
L_0x108e960 .part L_0x108ef40, 0, 1;
L_0x108ea50 .concat [ 1 1 0 0], v0x108cff0_0, L_0x7f93b635e018;
L_0x108eb40 .concat [ 1 1 0 0], v0x108d770_0, L_0x7f93b635e060;
L_0x108ec60 .arith/sum 2, L_0x108ea50, L_0x108eb40;
L_0x108ee10 .concat [ 1 1 0 0], v0x108d980_0, L_0x7f93b635e0a8;
L_0x108ef40 .arith/sum 2, L_0x108ec60, L_0x108ee10;
L_0x108fd40 .part L_0x10904a0, 2, 1;
L_0x108fe30 .part L_0x10904a0, 0, 2;
L_0x108fed0 .concat [ 2 1 0 0], v0x108d090_0, L_0x7f93b635e0f0;
L_0x1090060 .concat [ 2 1 0 0], v0x108d810_0, L_0x7f93b635e138;
L_0x1090190 .arith/sum 3, L_0x108fed0, L_0x1090060;
L_0x10903b0 .concat [ 1 2 0 0], v0x108d980_0, L_0x7f93b635e180;
L_0x10904a0 .arith/sum 3, L_0x1090190, L_0x10903b0;
L_0x1092840 .concat [ 4 4 0 0], v0x108d150_0, v0x108d8e0_0;
L_0x10928e0 .part L_0x1092a10, 0, 4;
L_0x1092a10 .arith/sum 4, v0x108d150_0, v0x108d8e0_0;
S_0x1051580 .scope module, "fa" "fulladder" 2 31, 3 20 0, S_0x10567d0;
 .timescale -9 -12;
    .port_info 0 /INPUT 1 "cin";
    .port_info 1 /INPUT 1 "a";
    .port_info 2 /INPUT 1 "b";
    .port_info 3 /OUTPUT 1 "s";
    .port_info 4 /OUTPUT 1 "cout";
L_0x108e7c0 .functor OR 1, L_0x108e560, L_0x108e730, C4<0>, C4<0>;
v0x1081280_0 .net "a", 0 0, v0x108cff0_0;  1 drivers
v0x1081340_0 .net "b", 0 0, v0x108d770_0;  1 drivers
v0x1081410_0 .net "cin", 0 0, v0x108d980_0;  1 drivers
v0x1081510_0 .net "cout", 0 0, L_0x108e7c0;  alias, 1 drivers
v0x10815b0_0 .net "cout_tmp1", 0 0, L_0x108e560;  1 drivers
v0x10816a0_0 .net "cout_tmp2", 0 0, L_0x108e730;  1 drivers
v0x1081770_0 .net "s", 0 0, L_0x108e5f0;  alias, 1 drivers
v0x1081840_0 .net "s_tmp", 0 0, L_0x108e4b0;  1 drivers
S_0x10571b0 .scope module, "h0" "halfadder" 3 27, 3 10 0, S_0x1051580;
 .timescale -9 -12;
    .port_info 0 /INPUT 1 "a";
    .port_info 1 /INPUT 1 "b";
    .port_info 2 /OUTPUT 1 "s";
    .port_info 3 /OUTPUT 1 "cout";
L_0x108e4b0 .functor XOR 1, v0x108cff0_0, v0x108d770_0, C4<0>, C4<0>;
L_0x108e560 .functor AND 1, v0x108cff0_0, v0x108d770_0, C4<1>, C4<1>;
v0x10525a0_0 .net "a", 0 0, v0x108cff0_0;  alias, 1 drivers
v0x1080a60_0 .net "b", 0 0, v0x108d770_0;  alias, 1 drivers
v0x1080b20_0 .net "cout", 0 0, L_0x108e560;  alias, 1 drivers
v0x1080bc0_0 .net "s", 0 0, L_0x108e4b0;  alias, 1 drivers
S_0x1080d00 .scope module, "h1" "halfadder" 3 28, 3 10 0, S_0x1051580;
 .timescale -9 -12;
    .port_info 0 /INPUT 1 "a";
    .port_info 1 /INPUT 1 "b";
    .port_info 2 /OUTPUT 1 "s";
    .port_info 3 /OUTPUT 1 "cout";
L_0x108e5f0 .functor XOR 1, L_0x108e4b0, v0x108d980_0, C4<0>, C4<0>;
L_0x108e730 .functor AND 1, L_0x108e4b0, v0x108d980_0, C4<1>, C4<1>;
v0x1080f00_0 .net "a", 0 0, L_0x108e4b0;  alias, 1 drivers
v0x1080fa0_0 .net "b", 0 0, v0x108d980_0;  alias, 1 drivers
v0x1081040_0 .net "cout", 0 0, L_0x108e730;  alias, 1 drivers
v0x1081110_0 .net "s", 0 0, L_0x108e5f0;  alias, 1 drivers
S_0x1081930 .scope module, "fa2" "fulladder2" 2 39, 3 33 0, S_0x10567d0;
 .timescale -9 -12;
    .port_info 0 /INPUT 1 "cin";
    .port_info 1 /INPUT 2 "a";
    .port_info 2 /INPUT 2 "b";
    .port_info 3 /OUTPUT 2 "s";
    .port_info 4 /OUTPUT 1 "cout";
v0x1084490_0 .net "a", 1 0, v0x108d090_0;  1 drivers
v0x1084590_0 .net "b", 1 0, v0x108d810_0;  1 drivers
v0x1084670_0 .net "cin", 0 0, v0x108d980_0;  alias, 1 drivers
v0x1084710_0 .net "cout", 0 0, L_0x108f990;  alias, 1 drivers
v0x10847e0_0 .net "cout_tmp", 0 0, L_0x108f310;  1 drivers
v0x1084880_0 .net "s", 1 0, L_0x108fca0;  alias, 1 drivers
L_0x108f3a0 .part v0x108d090_0, 0, 1;
L_0x108f460 .part v0x108d810_0, 0, 1;
L_0x108fa40 .part v0x108d090_0, 1, 1;
L_0x108fb70 .part v0x108d810_0, 1, 1;
L_0x108fca0 .concat8 [ 1 1 0 0], L_0x108f1e0, L_0x108f770;
S_0x1081b10 .scope module, "a0" "fulladder" 3 40, 3 20 0, S_0x1081930;
 .timescale -9 -12;
    .port_info 0 /INPUT 1 "cin";
    .port_info 1 /INPUT 1 "a";
    .port_info 2 /INPUT 1 "b";
    .port_info 3 /OUTPUT 1 "s";
    .port_info 4 /OUTPUT 1 "cout";
L_0x108f310 .functor OR 1, L_0x108f120, L_0x108f2a0, C4<0>, C4<0>;
v0x1082960_0 .net "a", 0 0, L_0x108f3a0;  1 drivers
v0x1082a20_0 .net "b", 0 0, L_0x108f460;  1 drivers
v0x1082af0_0 .net "cin", 0 0, v0x108d980_0;  alias, 1 drivers
v0x1082bc0_0 .net "cout", 0 0, L_0x108f310;  alias, 1 drivers
v0x1082c60_0 .net "cout_tmp1", 0 0, L_0x108f120;  1 drivers
v0x1082d50_0 .net "cout_tmp2", 0 0, L_0x108f2a0;  1 drivers
v0x1082e20_0 .net "s", 0 0, L_0x108f1e0;  1 drivers
v0x1082ef0_0 .net "s_tmp", 0 0, L_0x108ed00;  1 drivers
S_0x1081da0 .scope module, "h0" "halfadder" 3 27, 3 10 0, S_0x1081b10;
 .timescale -9 -12;
    .port_info 0 /INPUT 1 "a";
    .port_info 1 /INPUT 1 "b";
    .port_info 2 /OUTPUT 1 "s";
    .port_info 3 /OUTPUT 1 "cout";
L_0x108ed00 .functor XOR 1, L_0x108f3a0, L_0x108f460, C4<0>, C4<0>;
L_0x108f120 .functor AND 1, L_0x108f3a0, L_0x108f460, C4<1>, C4<1>;
v0x1081fd0_0 .net "a", 0 0, L_0x108f3a0;  alias, 1 drivers
v0x10820b0_0 .net "b", 0 0, L_0x108f460;  alias, 1 drivers
v0x1082170_0 .net "cout", 0 0, L_0x108f120;  alias, 1 drivers
v0x1082240_0 .net "s", 0 0, L_0x108ed00;  alias, 1 drivers
S_0x10823b0 .scope module, "h1" "halfadder" 3 28, 3 10 0, S_0x1081b10;
 .timescale -9 -12;
    .port_info 0 /INPUT 1 "a";
    .port_info 1 /INPUT 1 "b";
    .port_info 2 /OUTPUT 1 "s";
    .port_info 3 /OUTPUT 1 "cout";
L_0x108f1e0 .functor XOR 1, L_0x108ed00, v0x108d980_0, C4<0>, C4<0>;
L_0x108f2a0 .functor AND 1, L_0x108ed00, v0x108d980_0, C4<1>, C4<1>;
v0x10825b0_0 .net "a", 0 0, L_0x108ed00;  alias, 1 drivers
v0x1082680_0 .net "b", 0 0, v0x108d980_0;  alias, 1 drivers
v0x1082770_0 .net "cout", 0 0, L_0x108f2a0;  alias, 1 drivers
v0x1082810_0 .net "s", 0 0, L_0x108f1e0;  alias, 1 drivers
S_0x1082fe0 .scope module, "a1" "fulladder" 3 41, 3 20 0, S_0x1081930;
 .timescale -9 -12;
    .port_info 0 /INPUT 1 "cin";
    .port_info 1 /INPUT 1 "a";
    .port_info 2 /INPUT 1 "b";
    .port_info 3 /OUTPUT 1 "s";
    .port_info 4 /OUTPUT 1 "cout";
L_0x108f990 .functor OR 1, L_0x108f690, L_0x108f900, C4<0>, C4<0>;
v0x1083df0_0 .net "a", 0 0, L_0x108fa40;  1 drivers
v0x1083eb0_0 .net "b", 0 0, L_0x108fb70;  1 drivers
v0x1083f80_0 .net "cin", 0 0, L_0x108f310;  alias, 1 drivers
v0x10840a0_0 .net "cout", 0 0, L_0x108f990;  alias, 1 drivers
v0x1084140_0 .net "cout_tmp1", 0 0, L_0x108f690;  1 drivers
v0x1084230_0 .net "cout_tmp2", 0 0, L_0x108f900;  1 drivers
v0x10842d0_0 .net "s", 0 0, L_0x108f770;  1 drivers
v0x10843a0_0 .net "s_tmp", 0 0, L_0x108f590;  1 drivers
S_0x1083260 .scope module, "h0" "halfadder" 3 27, 3 10 0, S_0x1082fe0;
 .timescale -9 -12;
    .port_info 0 /INPUT 1 "a";
    .port_info 1 /INPUT 1 "b";
    .port_info 2 /OUTPUT 1 "s";
    .port_info 3 /OUTPUT 1 "cout";
L_0x108f590 .functor XOR 1, L_0x108fa40, L_0x108fb70, C4<0>, C4<0>;
L_0x108f690 .functor AND 1, L_0x108fa40, L_0x108fb70, C4<1>, C4<1>;
v0x1083470_0 .net "a", 0 0, L_0x108fa40;  alias, 1 drivers
v0x1083550_0 .net "b", 0 0, L_0x108fb70;  alias, 1 drivers
v0x1083610_0 .net "cout", 0 0, L_0x108f690;  alias, 1 drivers
v0x10836e0_0 .net "s", 0 0, L_0x108f590;  alias, 1 drivers
S_0x1083850 .scope module, "h1" "halfadder" 3 28, 3 10 0, S_0x1082fe0;
 .timescale -9 -12;
    .port_info 0 /INPUT 1 "a";
    .port_info 1 /INPUT 1 "b";
    .port_info 2 /OUTPUT 1 "s";
    .port_info 3 /OUTPUT 1 "cout";
L_0x108f770 .functor XOR 1, L_0x108f590, L_0x108f310, C4<0>, C4<0>;
L_0x108f900 .functor AND 1, L_0x108f590, L_0x108f310, C4<1>, C4<1>;
v0x1083a50_0 .net "a", 0 0, L_0x108f590;  alias, 1 drivers
v0x1083b20_0 .net "b", 0 0, L_0x108f310;  alias, 1 drivers
v0x1083bf0_0 .net "cout", 0 0, L_0x108f900;  alias, 1 drivers
v0x1083cc0_0 .net "s", 0 0, L_0x108f770;  alias, 1 drivers
S_0x10849c0 .scope module, "ha" "halfadder" 2 26, 3 10 0, S_0x10567d0;
 .timescale -9 -12;
    .port_info 0 /INPUT 1 "a";
    .port_info 1 /INPUT 1 "b";
    .port_info 2 /OUTPUT 1 "s";
    .port_info 3 /OUTPUT 1 "cout";
L_0x108e290 .functor XOR 1, v0x108cff0_0, v0x108d770_0, C4<0>, C4<0>;
L_0x108e420 .functor AND 1, v0x108cff0_0, v0x108d770_0, C4<1>, C4<1>;
v0x1084bd0_0 .net "a", 0 0, v0x108cff0_0;  alias, 1 drivers
v0x1084cc0_0 .net "b", 0 0, v0x108d770_0;  alias, 1 drivers
v0x1084dd0_0 .net "cout", 0 0, L_0x108e420;  alias, 1 drivers
v0x1084e70_0 .net "s", 0 0, L_0x108e290;  alias, 1 drivers
S_0x1084f90 .scope task, "printPoints" "printPoints" 4 1, 4 1 0, S_0x10567d0;
 .timescale -9 -12;
v0x1085170_0 .var "actual", 31 0;
v0x1085270_0 .var "possible", 31 0;
TD_test_adders.printPoints ;
    %vpi_call 4 4 "$display", "<scorePossible>%d</scorePossible>", v0x1085270_0 {0 0 0};
    %vpi_call 4 5 "$display", "<scoreActual>%d</scoreActual>", v0x1085170_0 {0 0 0};
    %end;
S_0x1085350 .scope module, "r0" "rca4" 2 45, 3 47 0, S_0x10567d0;
 .timescale -9 -12;
    .port_info 0 /INPUT 8 "SWITCH";
    .port_info 1 /OUTPUT 8 "LED";
v0x108bc80_0 .net "LED", 7 0, L_0x10926b0;  alias, 1 drivers
v0x108bd80_0 .net "SWITCH", 7 0, L_0x1092840;  1 drivers
L_0x7f93b635e210 .functor BUFT 1, C4<0000>, C4<0>, C4<0>, C4<0>;
v0x108be60_0 .net/2u *"_ivl_17", 3 0, L_0x7f93b635e210;  1 drivers
v0x108bf20_0 .net "cout0", 0 0, L_0x1091010;  1 drivers
L_0x10913c0 .part L_0x1092840, 0, 2;
L_0x1091460 .part L_0x1092840, 4, 2;
L_0x10924e0 .part L_0x1092840, 2, 2;
L_0x1092580 .part L_0x1092840, 6, 2;
L_0x10926b0 .concat8 [ 2 2 4 0], L_0x1091320, L_0x1092440, L_0x7f93b635e210;
S_0x10855a0 .scope module, "a0" "fulladder2" 3 50, 3 33 0, S_0x1085350;
 .timescale -9 -12;
    .port_info 0 /INPUT 1 "cin";
    .port_info 1 /INPUT 2 "a";
    .port_info 2 /INPUT 2 "b";
    .port_info 3 /OUTPUT 2 "s";
    .port_info 4 /OUTPUT 1 "cout";
v0x1088360_0 .net "a", 1 0, L_0x10913c0;  1 drivers
v0x1088460_0 .net "b", 1 0, L_0x1091460;  1 drivers
L_0x7f93b635e1c8 .functor BUFT 1, C4<0>, C4<0>, C4<0>, C4<0>;
v0x1088540_0 .net "cin", 0 0, L_0x7f93b635e1c8;  1 drivers
v0x1088630_0 .net "cout", 0 0, L_0x1091010;  alias, 1 drivers
v0x10886d0_0 .net "cout_tmp", 0 0, L_0x10909a0;  1 drivers
v0x10887c0_0 .net "s", 1 0, L_0x1091320;  1 drivers
L_0x1090ac0 .part L_0x10913c0, 0, 1;
L_0x1090bf0 .part L_0x1091460, 0, 1;
L_0x10910c0 .part L_0x10913c0, 1, 1;
L_0x10911f0 .part L_0x1091460, 1, 1;
L_0x1091320 .concat8 [ 1 1 0 0], L_0x1090750, L_0x1090e40;
S_0x1085820 .scope module, "a0" "fulladder" 3 40, 3 20 0, S_0x10855a0;
 .timescale -9 -12;
    .port_info 0 /INPUT 1 "cin";
    .port_info 1 /INPUT 1 "a";
    .port_info 2 /INPUT 1 "b";
    .port_info 3 /OUTPUT 1 "s";
    .port_info 4 /OUTPUT 1 "cout";
L_0x10909a0 .functor OR 1, L_0x1090230, L_0x10908a0, C4<0>, C4<0>;
v0x1086740_0 .net "a", 0 0, L_0x1090ac0;  1 drivers
v0x1086800_0 .net "b", 0 0, L_0x1090bf0;  1 drivers
v0x10868d0_0 .net "cin", 0 0, L_0x7f93b635e1c8;  alias, 1 drivers
v0x10869d0_0 .net "cout", 0 0, L_0x10909a0;  alias, 1 drivers
v0x1086a70_0 .net "cout_tmp1", 0 0, L_0x1090230;  1 drivers
v0x1086b60_0 .net "cout_tmp2", 0 0, L_0x10908a0;  1 drivers
v0x1086c30_0 .net "s", 0 0, L_0x1090750;  1 drivers
v0x1086d00_0 .net "s_tmp", 0 0, L_0x1090340;  1 drivers
S_0x1085aa0 .scope module, "h0" "halfadder" 3 27, 3 10 0, S_0x1085820;
 .timescale -9 -12;
    .port_info 0 /INPUT 1 "a";
    .port_info 1 /INPUT 1 "b";
    .port_info 2 /OUTPUT 1 "s";
    .port_info 3 /OUTPUT 1 "cout";
L_0x1090340 .functor XOR 1, L_0x1090ac0, L_0x1090bf0, C4<0>, C4<0>;
L_0x1090230 .functor AND 1, L_0x1090ac0, L_0x1090bf0, C4<1>, C4<1>;
v0x1085d40_0 .net "a", 0 0, L_0x1090ac0;  alias, 1 drivers
v0x1085e20_0 .net "b", 0 0, L_0x1090bf0;  alias, 1 drivers
v0x1085ee0_0 .net "cout", 0 0, L_0x1090230;  alias, 1 drivers
v0x1085fb0_0 .net "s", 0 0, L_0x1090340;  alias, 1 drivers
S_0x1086120 .scope module, "h1" "halfadder" 3 28, 3 10 0, S_0x1085820;
 .timescale -9 -12;
    .port_info 0 /INPUT 1 "a";
    .port_info 1 /INPUT 1 "b";
    .port_info 2 /OUTPUT 1 "s";
    .port_info 3 /OUTPUT 1 "cout";
L_0x1090750 .functor XOR 1, L_0x1090340, L_0x7f93b635e1c8, C4<0>, C4<0>;
L_0x10908a0 .functor AND 1, L_0x1090340, L_0x7f93b635e1c8, C4<1>, C4<1>;
v0x1086390_0 .net "a", 0 0, L_0x1090340;  alias, 1 drivers
v0x1086460_0 .net "b", 0 0, L_0x7f93b635e1c8;  alias, 1 drivers
v0x1086500_0 .net "cout", 0 0, L_0x10908a0;  alias, 1 drivers
v0x10865d0_0 .net "s", 0 0, L_0x1090750;  alias, 1 drivers
S_0x1086df0 .scope module, "a1" "fulladder" 3 41, 3 20 0, S_0x10855a0;
 .timescale -9 -12;
    .port_info 0 /INPUT 1 "cin";
    .port_info 1 /INPUT 1 "a";
    .port_info 2 /INPUT 1 "b";
    .port_info 3 /OUTPUT 1 "s";
    .port_info 4 /OUTPUT 1 "cout";
L_0x1091010 .functor OR 1, L_0x1090db0, L_0x1090f80, C4<0>, C4<0>;
v0x1087cc0_0 .net "a", 0 0, L_0x10910c0;  1 drivers
v0x1087d80_0 .net "b", 0 0, L_0x10911f0;  1 drivers
v0x1087e50_0 .net "cin", 0 0, L_0x10909a0;  alias, 1 drivers
v0x1087f70_0 .net "cout", 0 0, L_0x1091010;  alias, 1 drivers
v0x1088010_0 .net "cout_tmp1", 0 0, L_0x1090db0;  1 drivers
v0x1088100_0 .net "cout_tmp2", 0 0, L_0x1090f80;  1 drivers
v0x10881a0_0 .net "s", 0 0, L_0x1090e40;  1 drivers
v0x1088270_0 .net "s_tmp", 0 0, L_0x1090d20;  1 drivers
S_0x1087050 .scope module, "h0" "halfadder" 3 27, 3 10 0, S_0x1086df0;
 .timescale -9 -12;
    .port_info 0 /INPUT 1 "a";
    .port_info 1 /INPUT 1 "b";
    .port_info 2 /OUTPUT 1 "s";
    .port_info 3 /OUTPUT 1 "cout";
L_0x1090d20 .functor XOR 1, L_0x10910c0, L_0x10911f0, C4<0>, C4<0>;
L_0x1090db0 .functor AND 1, L_0x10910c0, L_0x10911f0, C4<1>, C4<1>;
v0x10872d0_0 .net "a", 0 0, L_0x10910c0;  alias, 1 drivers
v0x10873b0_0 .net "b", 0 0, L_0x10911f0;  alias, 1 drivers
v0x1087470_0 .net "cout", 0 0, L_0x1090db0;  alias, 1 drivers
v0x1087540_0 .net "s", 0 0, L_0x1090d20;  alias, 1 drivers
S_0x10876b0 .scope module, "h1" "halfadder" 3 28, 3 10 0, S_0x1086df0;
 .timescale -9 -12;
    .port_info 0 /INPUT 1 "a";
    .port_info 1 /INPUT 1 "b";
    .port_info 2 /OUTPUT 1 "s";
    .port_info 3 /OUTPUT 1 "cout";
L_0x1090e40 .functor XOR 1, L_0x1090d20, L_0x10909a0, C4<0>, C4<0>;
L_0x1090f80 .functor AND 1, L_0x1090d20, L_0x10909a0, C4<1>, C4<1>;
v0x1087920_0 .net "a", 0 0, L_0x1090d20;  alias, 1 drivers
v0x10879f0_0 .net "b", 0 0, L_0x10909a0;  alias, 1 drivers
v0x1087ac0_0 .net "cout", 0 0, L_0x1090f80;  alias, 1 drivers
v0x1087b90_0 .net "s", 0 0, L_0x1090e40;  alias, 1 drivers
S_0x1088900 .scope module, "a3" "fulladder2" 3 51, 3 33 0, S_0x1085350;
 .timescale -9 -12;
    .port_info 0 /INPUT 1 "cin";
    .port_info 1 /INPUT 2 "a";
    .port_info 2 /INPUT 2 "b";
    .port_info 3 /OUTPUT 2 "s";
    .port_info 4 /OUTPUT 1 "cout";
v0x108b6c0_0 .net "a", 1 0, L_0x10924e0;  1 drivers
v0x108b7c0_0 .net "b", 1 0, L_0x1092580;  1 drivers
v0x108b8a0_0 .net "cin", 0 0, L_0x1091010;  alias, 1 drivers
v0x108b9d0_0 .net "cout", 0 0, L_0x10920e0;  1 drivers
v0x108baa0_0 .net "cout_tmp", 0 0, L_0x1091a90;  1 drivers
v0x108bb40_0 .net "s", 1 0, L_0x1092440;  1 drivers
L_0x1091b40 .part L_0x10924e0, 0, 1;
L_0x1091c70 .part L_0x1092580, 0, 1;
L_0x10921e0 .part L_0x10924e0, 1, 1;
L_0x1092310 .part L_0x1092580, 1, 1;
L_0x1092440 .concat8 [ 1 1 0 0], L_0x1091760, L_0x1091ec0;
S_0x1088b80 .scope module, "a0" "fulladder" 3 40, 3 20 0, S_0x1088900;
 .timescale -9 -12;
    .port_info 0 /INPUT 1 "cin";
    .port_info 1 /INPUT 1 "a";
    .port_info 2 /INPUT 1 "b";
    .port_info 3 /OUTPUT 1 "s";
    .port_info 4 /OUTPUT 1 "cout";
L_0x1091a90 .functor OR 1, L_0x1091680, L_0x10918f0, C4<0>, C4<0>;
v0x1089ab0_0 .net "a", 0 0, L_0x1091b40;  1 drivers
v0x1089b70_0 .net "b", 0 0, L_0x1091c70;  1 drivers
v0x1089c40_0 .net "cin", 0 0, L_0x1091010;  alias, 1 drivers
v0x1089d10_0 .net "cout", 0 0, L_0x1091a90;  alias, 1 drivers
v0x1089db0_0 .net "cout_tmp1", 0 0, L_0x1091680;  1 drivers
v0x1089ea0_0 .net "cout_tmp2", 0 0, L_0x10918f0;  1 drivers
v0x1089f70_0 .net "s", 0 0, L_0x1091760;  1 drivers
v0x108a040_0 .net "s_tmp", 0 0, L_0x1091550;  1 drivers
S_0x1088e10 .scope module, "h0" "halfadder" 3 27, 3 10 0, S_0x1088b80;
 .timescale -9 -12;
    .port_info 0 /INPUT 1 "a";
    .port_info 1 /INPUT 1 "b";
    .port_info 2 /OUTPUT 1 "s";
    .port_info 3 /OUTPUT 1 "cout";
L_0x1091550 .functor XOR 1, L_0x1091b40, L_0x1091c70, C4<0>, C4<0>;
L_0x1091680 .functor AND 1, L_0x1091b40, L_0x1091c70, C4<1>, C4<1>;
v0x10890b0_0 .net "a", 0 0, L_0x1091b40;  alias, 1 drivers
v0x1089190_0 .net "b", 0 0, L_0x1091c70;  alias, 1 drivers
v0x1089250_0 .net "cout", 0 0, L_0x1091680;  alias, 1 drivers
v0x1089320_0 .net "s", 0 0, L_0x1091550;  alias, 1 drivers
S_0x1089490 .scope module, "h1" "halfadder" 3 28, 3 10 0, S_0x1088b80;
 .timescale -9 -12;
    .port_info 0 /INPUT 1 "a";
    .port_info 1 /INPUT 1 "b";
    .port_info 2 /OUTPUT 1 "s";
    .port_info 3 /OUTPUT 1 "cout";
L_0x1091760 .functor XOR 1, L_0x1091550, L_0x1091010, C4<0>, C4<0>;
L_0x10918f0 .functor AND 1, L_0x1091550, L_0x1091010, C4<1>, C4<1>;
v0x1089700_0 .net "a", 0 0, L_0x1091550;  alias, 1 drivers
v0x10897d0_0 .net "b", 0 0, L_0x1091010;  alias, 1 drivers
v0x10898c0_0 .net "cout", 0 0, L_0x10918f0;  alias, 1 drivers
v0x1089960_0 .net "s", 0 0, L_0x1091760;  alias, 1 drivers
S_0x108a130 .scope module, "a1" "fulladder" 3 41, 3 20 0, S_0x1088900;
 .timescale -9 -12;
    .port_info 0 /INPUT 1 "cin";
    .port_info 1 /INPUT 1 "a";
    .port_info 2 /INPUT 1 "b";
    .port_info 3 /OUTPUT 1 "s";
    .port_info 4 /OUTPUT 1 "cout";
L_0x10920e0 .functor OR 1, L_0x1091e30, L_0x1092050, C4<0>, C4<0>;
v0x108b020_0 .net "a", 0 0, L_0x10921e0;  1 drivers
v0x108b0e0_0 .net "b", 0 0, L_0x1092310;  1 drivers
v0x108b1b0_0 .net "cin", 0 0, L_0x1091a90;  alias, 1 drivers
v0x108b2d0_0 .net "cout", 0 0, L_0x10920e0;  alias, 1 drivers
v0x108b370_0 .net "cout_tmp1", 0 0, L_0x1091e30;  1 drivers
v0x108b460_0 .net "cout_tmp2", 0 0, L_0x1092050;  1 drivers
v0x108b500_0 .net "s", 0 0, L_0x1091ec0;  1 drivers
v0x108b5d0_0 .net "s_tmp", 0 0, L_0x1091da0;  1 drivers
S_0x108a3b0 .scope module, "h0" "halfadder" 3 27, 3 10 0, S_0x108a130;
 .timescale -9 -12;
    .port_info 0 /INPUT 1 "a";
    .port_info 1 /INPUT 1 "b";
    .port_info 2 /OUTPUT 1 "s";
    .port_info 3 /OUTPUT 1 "cout";
L_0x1091da0 .functor XOR 1, L_0x10921e0, L_0x1092310, C4<0>, C4<0>;
L_0x1091e30 .functor AND 1, L_0x10921e0, L_0x1092310, C4<1>, C4<1>;
v0x108a630_0 .net "a", 0 0, L_0x10921e0;  alias, 1 drivers
v0x108a710_0 .net "b", 0 0, L_0x1092310;  alias, 1 drivers
v0x108a7d0_0 .net "cout", 0 0, L_0x1091e30;  alias, 1 drivers
v0x108a8a0_0 .net "s", 0 0, L_0x1091da0;  alias, 1 drivers
S_0x108aa10 .scope module, "h1" "halfadder" 3 28, 3 10 0, S_0x108a130;
 .timescale -9 -12;
    .port_info 0 /INPUT 1 "a";
    .port_info 1 /INPUT 1 "b";
    .port_info 2 /OUTPUT 1 "s";
    .port_info 3 /OUTPUT 1 "cout";
L_0x1091ec0 .functor XOR 1, L_0x1091da0, L_0x1091a90, C4<0>, C4<0>;
L_0x1092050 .functor AND 1, L_0x1091da0, L_0x1091a90, C4<1>, C4<1>;
v0x108ac80_0 .net "a", 0 0, L_0x1091da0;  alias, 1 drivers
v0x108ad50_0 .net "b", 0 0, L_0x1091a90;  alias, 1 drivers
v0x108ae20_0 .net "cout", 0 0, L_0x1092050;  alias, 1 drivers
v0x108aef0_0 .net "s", 0 0, L_0x1091ec0;  alias, 1 drivers
    .scope S_0x10567d0;
T_1 ;
    %vpi_call 2 52 "$dumpfile", "rca.vcd" {0 0 0};
    %vpi_call 2 53 "$dumpvars" {0 0 0};
    %pushi/vec4 0, 0, 1;
    %store/vec4 v0x108cff0_0, 0, 1;
    %pushi/vec4 0, 0, 1;
    %store/vec4 v0x108d770_0, 0, 1;
    %pushi/vec4 0, 0, 32;
    %store/vec4 v0x108da20_0, 0, 32;
    %pushi/vec4 0, 0, 32;
    %store/vec4 v0x108e1b0_0, 0, 32;
    %delay 100000, 0;
    %pushi/vec4 0, 0, 32;
    %store/vec4 v0x108e0d0_0, 0, 32;
T_1.0 ;
    %load/vec4 v0x108e0d0_0;
    %cmpi/s 3, 0, 32;
    %flag_or 5, 4;
    %jmp/0xz T_1.1, 5;
    %load/vec4 v0x108e0d0_0;
    %parti/s 1, 0, 2;
    %store/vec4 v0x108cff0_0, 0, 1;
    %load/vec4 v0x108e0d0_0;
    %parti/s 1, 1, 2;
    %store/vec4 v0x108d770_0, 0, 1;
    %delay 6000, 0;
    %load/vec4 v0x108e1b0_0;
    %addi 2, 0, 32;
    %store/vec4 v0x108e1b0_0, 0, 32;
    %load/vec4 v0x108e0d0_0;
    %dup/vec4;
    %pushi/vec4 0, 0, 32;
    %cmp/u;
    %jmp/1 T_1.2, 6;
    %dup/vec4;
    %pushi/vec4 3, 0, 32;
    %cmp/u;
    %jmp/1 T_1.3, 6;
    %dup/vec4;
    %pushi/vec4 1, 0, 32;
    %cmp/u;
    %jmp/1 T_1.4, 6;
    %dup/vec4;
    %pushi/vec4 2, 0, 32;
    %cmp/u;
    %jmp/1 T_1.5, 6;
    %jmp T_1.6;
T_1.2 ;
    %load/vec4 v0x108d5d0_0;
    %pad/u 32;
    %cmpi/ne 0, 0, 32;
    %jmp/0xz  T_1.7, 6;
    %load/vec4 v0x108da20_0;
    %cmpi/s 15, 0, 32;
    %jmp/0xz  T_1.9, 5;
    %vpi_call 2 78 "$display", "[halfadder] ERROR: %b + %b should produce sum=0 but was %b instead", v0x108cff0_0, v0x108d770_0, v0x108d5d0_0 {0 0 0};
T_1.9 ;
    %load/vec4 v0x108da20_0;
    %addi 1, 0, 32;
    %store/vec4 v0x108da20_0, 0, 32;
T_1.7 ;
    %jmp T_1.6;
T_1.3 ;
    %load/vec4 v0x108d5d0_0;
    %pad/u 32;
    %cmpi/ne 0, 0, 32;
    %jmp/0xz  T_1.11, 6;
    %load/vec4 v0x108da20_0;
    %cmpi/s 15, 0, 32;
    %jmp/0xz  T_1.13, 5;
    %vpi_call 2 78 "$display", "[halfadder] ERROR: %b + %b should produce sum=0 but was %b instead", v0x108cff0_0, v0x108d770_0, v0x108d5d0_0 {0 0 0};
T_1.13 ;
    %load/vec4 v0x108da20_0;
    %addi 1, 0, 32;
    %store/vec4 v0x108da20_0, 0, 32;
T_1.11 ;
    %jmp T_1.6;
T_1.4 ;
    %load/vec4 v0x108d5d0_0;
    %pad/u 32;
    %cmpi/ne 1, 0, 32;
    %jmp/0xz  T_1.15, 6;
    %load/vec4 v0x108da20_0;
    %cmpi/s 15, 0, 32;
    %jmp/0xz  T_1.17, 5;
    %vpi_call 2 85 "$display", "[halfadder] ERROR: %b + %b should produce sum=1 but was %b instead", v0x108cff0_0, v0x108d770_0, v0x108d5d0_0 {0 0 0};
T_1.17 ;
    %load/vec4 v0x108da20_0;
    %addi 1, 0, 32;
    %store/vec4 v0x108da20_0, 0, 32;
T_1.15 ;
    %jmp T_1.6;
T_1.5 ;
    %load/vec4 v0x108d5d0_0;
    %pad/u 32;
    %cmpi/ne 1, 0, 32;
    %jmp/0xz  T_1.19, 6;
    %load/vec4 v0x108da20_0;
    %cmpi/s 15, 0, 32;
    %jmp/0xz  T_1.21, 5;
    %vpi_call 2 85 "$display", "[halfadder] ERROR: %b + %b should produce sum=1 but was %b instead", v0x108cff0_0, v0x108d770_0, v0x108d5d0_0 {0 0 0};
T_1.21 ;
    %load/vec4 v0x108da20_0;
    %addi 1, 0, 32;
    %store/vec4 v0x108da20_0, 0, 32;
T_1.19 ;
    %jmp T_1.6;
T_1.6 ;
    %pop/vec4 1;
    %load/vec4 v0x108e0d0_0;
    %cmpi/s 3, 0, 32;
    %flag_get/vec4 5;
    %pushi/vec4 0, 0, 32;
    %load/vec4 v0x108d530_0;
    %pad/u 32;
    %cmp/ne;
    %flag_get/vec4 6;
    %and;
    %flag_set/vec4 8;
    %jmp/0xz  T_1.23, 8;
    %load/vec4 v0x108da20_0;
    %cmpi/s 15, 0, 32;
    %jmp/0xz  T_1.25, 5;
    %vpi_call 2 94 "$display", "[halfadder] ERROR: %b + %b should produce cout=0 but was %b instead", v0x108cff0_0, v0x108d770_0, v0x108d530_0 {0 0 0};
T_1.25 ;
    %load/vec4 v0x108da20_0;
    %addi 1, 0, 32;
    %store/vec4 v0x108da20_0, 0, 32;
T_1.23 ;
    %load/vec4 v0x108e0d0_0;
    %pushi/vec4 3, 0, 32;
    %cmp/e;
    %flag_get/vec4 4;
    %pushi/vec4 1, 0, 32;
    %load/vec4 v0x108d530_0;
    %pad/u 32;
    %cmp/ne;
    %flag_get/vec4 6;
    %and;
    %flag_set/vec4 8;
    %jmp/0xz  T_1.27, 8;
    %load/vec4 v0x108da20_0;
    %cmpi/s 15, 0, 32;
    %jmp/0xz  T_1.29, 5;
    %vpi_call 2 100 "$display", "[halfadder] ERROR: %b + %b should produce cout=1 but was %b instead", v0x108cff0_0, v0x108d770_0, v0x108d530_0 {0 0 0};
T_1.29 ;
    %load/vec4 v0x108da20_0;
    %addi 1, 0, 32;
    %store/vec4 v0x108da20_0, 0, 32;
T_1.27 ;
    %load/vec4 v0x108e0d0_0;
    %addi 1, 0, 32;
    %store/vec4 v0x108e0d0_0, 0, 32;
    %jmp T_1.0;
T_1.1 ;
    %pushi/vec4 0, 0, 32;
    %store/vec4 v0x108e0d0_0, 0, 32;
T_1.31 ;
    %load/vec4 v0x108e0d0_0;
    %cmpi/s 7, 0, 32;
    %flag_or 5, 4;
    %jmp/0xz T_1.32, 5;
    %load/vec4 v0x108e0d0_0;
    %parti/s 1, 0, 2;
    %store/vec4 v0x108cff0_0, 0, 1;
    %load/vec4 v0x108e0d0_0;
    %parti/s 1, 1, 2;
    %store/vec4 v0x108d770_0, 0, 1;
    %load/vec4 v0x108e0d0_0;
    %parti/s 1, 2, 3;
    %store/vec4 v0x108d980_0, 0, 1;
    %delay 6000, 0;
    %load/vec4 v0x108e1b0_0;
    %addi 2, 0, 32;
    %store/vec4 v0x108e1b0_0, 0, 32;
    %load/vec4 v0x108de70_0;
    %load/vec4 v0x108d370_0;
    %cmp/ne;
    %jmp/0xz  T_1.33, 6;
    %load/vec4 v0x108da20_0;
    %cmpi/s 15, 0, 32;
    %jmp/0xz  T_1.35, 5;
    %vpi_call 2 120 "$display", "[fulladder] ERROR: %b + %b should produce cout=%b but was %b instead", v0x108cff0_0, v0x108d770_0, v0x108de70_0, v0x108d370_0 {0 0 0};
T_1.35 ;
    %load/vec4 v0x108da20_0;
    %addi 1, 0, 32;
    %store/vec4 v0x108da20_0, 0, 32;
T_1.33 ;
    %load/vec4 v0x108df30_0;
    %load/vec4 v0x108d440_0;
    %cmp/ne;
    %jmp/0xz  T_1.37, 6;
    %load/vec4 v0x108da20_0;
    %cmpi/s 15, 0, 32;
    %jmp/0xz  T_1.39, 5;
    %vpi_call 2 126 "$display", "[fulladder] ERROR: %b + %b should produce sum=%b but was %b instead", v0x108cff0_0, v0x108d770_0, v0x108df30_0, v0x108d440_0 {0 0 0};
T_1.39 ;
    %load/vec4 v0x108da20_0;
    %addi 1, 0, 32;
    %store/vec4 v0x108da20_0, 0, 32;
T_1.37 ;
    %load/vec4 v0x108e0d0_0;
    %addi 1, 0, 32;
    %store/vec4 v0x108e0d0_0, 0, 32;
    %jmp T_1.31;
T_1.32 ;
    %pushi/vec4 0, 0, 32;
    %store/vec4 v0x108e0d0_0, 0, 32;
T_1.41 ;
    %load/vec4 v0x108e0d0_0;
    %cmpi/s 31, 0, 32;
    %flag_or 5, 4;
    %jmp/0xz T_1.42, 5;
    %load/vec4 v0x108e0d0_0;
    %parti/s 2, 0, 2;
    %store/vec4 v0x108d090_0, 0, 2;
    %load/vec4 v0x108e0d0_0;
    %parti/s 2, 2, 3;
    %store/vec4 v0x108d810_0, 0, 2;
    %load/vec4 v0x108e0d0_0;
    %parti/s 1, 4, 4;
    %store/vec4 v0x108d980_0, 0, 1;
    %delay 6000, 0;
    %load/vec4 v0x108e1b0_0;
    %addi 2, 0, 32;
    %store/vec4 v0x108e1b0_0, 0, 32;
    %load/vec4 v0x108dac0_0;
    %load/vec4 v0x108d210_0;
    %cmp/ne;
    %jmp/0xz  T_1.43, 6;
    %load/vec4 v0x108da20_0;
    %cmpi/s 15, 0, 32;
    %jmp/0xz  T_1.45, 5;
    %vpi_call 2 145 "$display", "[fulladder2] ERROR: %b + %b should produce cout=%b but was %b instead", v0x108d090_0, v0x108d810_0, v0x108dac0_0, v0x108d210_0 {0 0 0};
T_1.45 ;
    %load/vec4 v0x108da20_0;
    %addi 1, 0, 32;
    %store/vec4 v0x108da20_0, 0, 32;
T_1.43 ;
    %load/vec4 v0x108dd90_0;
    %load/vec4 v0x108d2b0_0;
    %cmp/ne;
    %jmp/0xz  T_1.47, 6;
    %load/vec4 v0x108da20_0;
    %cmpi/s 15, 0, 32;
    %jmp/0xz  T_1.49, 5;
    %vpi_call 2 151 "$display", "[fulladder2] ERROR: %b + %b should produce sum=%b but was %b instead", v0x108d090_0, v0x108d810_0, v0x108dd90_0, v0x108d2b0_0 {0 0 0};
T_1.49 ;
    %load/vec4 v0x108da20_0;
    %addi 1, 0, 32;
    %store/vec4 v0x108da20_0, 0, 32;
T_1.47 ;
    %load/vec4 v0x108e0d0_0;
    %addi 1, 0, 32;
    %store/vec4 v0x108e0d0_0, 0, 32;
    %jmp T_1.41;
T_1.42 ;
    %pushi/vec4 0, 0, 32;
    %store/vec4 v0x108e0d0_0, 0, 32;
T_1.51 ;
    %load/vec4 v0x108e0d0_0;
    %cmpi/s 255, 0, 32;
    %flag_or 5, 4;
    %jmp/0xz T_1.52, 5;
    %load/vec4 v0x108e0d0_0;
    %parti/s 4, 0, 2;
    %store/vec4 v0x108d150_0, 0, 4;
    %load/vec4 v0x108e0d0_0;
    %parti/s 4, 4, 4;
    %store/vec4 v0x108d8e0_0, 0, 4;
    %delay 6000, 0;
    %load/vec4 v0x108e1b0_0;
    %addi 1, 0, 32;
    %store/vec4 v0x108e1b0_0, 0, 32;
    %load/vec4 v0x108dff0_0;
    %pad/u 8;
    %load/vec4 v0x108d6a0_0;
    %cmp/ne;
    %jmp/0xz  T_1.53, 6;
    %load/vec4 v0x108da20_0;
    %cmpi/s 15, 0, 32;
    %jmp/0xz  T_1.55, 5;
    %vpi_call 2 170 "$display", "[rca4] ERROR: %b + %b should produce sum=%b but was %b instead", v0x108d150_0, v0x108d8e0_0, v0x108dff0_0, v0x108d6a0_0 {0 0 0};
T_1.55 ;
    %load/vec4 v0x108da20_0;
    %addi 1, 0, 32;
    %store/vec4 v0x108da20_0, 0, 32;
T_1.53 ;
    %load/vec4 v0x108e0d0_0;
    %addi 1, 0, 32;
    %store/vec4 v0x108e0d0_0, 0, 32;
    %jmp T_1.51;
T_1.52 ;
    %load/vec4 v0x108da20_0;
    %cmpi/s 15, 0, 32;
    %flag_or 5, 4; GT is !LE
    %flag_inv 5;
    %jmp/0xz  T_1.57, 5;
    %load/vec4 v0x108da20_0;
    %subi 15, 0, 32;
    %vpi_call 2 177 "$display", "Additional %d errors NOT printed.", S<0,vec4,s32> {1 0 0};
T_1.57 ;
    %vpi_call 2 179 "$display", "Simulation finished: %d test cases %d errors", v0x108e1b0_0, v0x108da20_0 {0 0 0};
    %load/vec4 v0x108e1b0_0;
    %store/vec4 v0x1085270_0, 0, 32;
    %load/vec4 v0x108e1b0_0;
    %load/vec4 v0x108da20_0;
    %sub;
    %store/vec4 v0x1085170_0, 0, 32;
    %fork TD_test_adders.printPoints, S_0x1084f90;
    %join;
    %vpi_call 2 181 "$finish" {0 0 0};
    %end;
    .thread T_1;
# The file index is used to find the file name in the following table.
:file_names 5;
    "N/A";
    "<interactive>";
    "rca_testbench.v";
    "rca.v";
    "./print_points.v";
